生成启动时间为 2018/2/26 16:51:40。
     1>项目“E:\孙洲宇\OpenCVmfc\OpenCVmfc\OpenCVmfc.vcxproj”在节点 2 上(build 个目标)。
     1>InitializeBuildStatus:
         正在创建“Debug\OpenCVmfc.unsuccessfulbuild”，因为已指定“AlwaysCreate”。
       ClCompile:
         所有输出均为最新。
         D:\vs2010\VC\bin\CL.exe /c /ZI /nologo /W3 /WX- /Od /Oy- /D WIN32 /D _WINDOWS /D _DEBUG /D _UNICODE /D UNICODE /D _AFXDLL /Gm /EHsc /RTC1 /MDd /GS /fp:precise /Zc:wchar_t /Zc:forScope /Yu"StdAfx.h" /Fp"Debug\OpenCVmfc.pch" /Fo"Debug\\" /Fd"Debug\vc100.pdb" /Gd /TP /analyze- /errorReport:prompt OpenCVmfc.cpp OpenCVmfcDlg.cpp
         OpenCVmfcDlg.cpp
     1>d:\opencv\opencv\build\include\opencv2\flann\logger.h(66): warning C4996: 'fopen': This function or variable may be unsafe. Consider using fopen_s instead. To disable deprecation, use _CRT_SECURE_NO_WARNINGS. See online help for details.
                 d:\vs2010\vc\include\stdio.h(234) : 参见“fopen”的声明
     1>e:\孙洲宇\opencvmfc\opencvmfc\opencvmfcdlg.cpp(302): warning C4996: 'localtime': This function or variable may be unsafe. Consider using localtime_s instead. To disable deprecation, use _CRT_SECURE_NO_WARNINGS. See online help for details.
                 d:\vs2010\vc\include\time.inl(112) : 参见“localtime”的声明
     1>e:\孙洲宇\opencvmfc\opencvmfc\opencvmfcdlg.cpp(303): warning C4996: 'strcat': This function or variable may be unsafe. Consider using strcat_s instead. To disable deprecation, use _CRT_SECURE_NO_WARNINGS. See online help for details.
                 d:\vs2010\vc\include\string.h(110) : 参见“strcat”的声明
     1>e:\孙洲宇\opencvmfc\opencvmfc\opencvmfcdlg.cpp(346): warning C4996: 'localtime': This function or variable may be unsafe. Consider using localtime_s instead. To disable deprecation, use _CRT_SECURE_NO_WARNINGS. See online help for details.
                 d:\vs2010\vc\include\time.inl(112) : 参见“localtime”的声明
     1>e:\孙洲宇\opencvmfc\opencvmfc\opencvmfcdlg.cpp(347): warning C4996: 'strcat': This function or variable may be unsafe. Consider using strcat_s instead. To disable deprecation, use _CRT_SECURE_NO_WARNINGS. See online help for details.
                 d:\vs2010\vc\include\string.h(110) : 参见“strcat”的声明
     1>e:\孙洲宇\opencvmfc\opencvmfc\opencvmfcdlg.cpp(398): warning C4996: 'localtime': This function or variable may be unsafe. Consider using localtime_s instead. To disable deprecation, use _CRT_SECURE_NO_WARNINGS. See online help for details.
                 d:\vs2010\vc\include\time.inl(112) : 参见“localtime”的声明
     1>e:\孙洲宇\opencvmfc\opencvmfc\opencvmfcdlg.cpp(399): warning C4996: 'strcat': This function or variable may be unsafe. Consider using strcat_s instead. To disable deprecation, use _CRT_SECURE_NO_WARNINGS. See online help for details.
                 d:\vs2010\vc\include\string.h(110) : 参见“strcat”的声明
     1>e:\孙洲宇\opencvmfc\opencvmfc\opencvmfcdlg.cpp(447): warning C4996: 'localtime': This function or variable may be unsafe. Consider using localtime_s instead. To disable deprecation, use _CRT_SECURE_NO_WARNINGS. See online help for details.
                 d:\vs2010\vc\include\time.inl(112) : 参见“localtime”的声明
     1>e:\孙洲宇\opencvmfc\opencvmfc\opencvmfcdlg.cpp(448): warning C4996: 'strcat': This function or variable may be unsafe. Consider using strcat_s instead. To disable deprecation, use _CRT_SECURE_NO_WARNINGS. See online help for details.
                 d:\vs2010\vc\include\string.h(110) : 参见“strcat”的声明
     1>e:\孙洲宇\opencvmfc\opencvmfc\opencvmfcdlg.cpp(471): warning C4244: “=”: 从“float”转换到“UCHAR”，可能丢失数据
     1>e:\孙洲宇\opencvmfc\opencvmfc\opencvmfcdlg.cpp(486): warning C4996: 'localtime': This function or variable may be unsafe. Consider using localtime_s instead. To disable deprecation, use _CRT_SECURE_NO_WARNINGS. See online help for details.
                 d:\vs2010\vc\include\time.inl(112) : 参见“localtime”的声明
     1>e:\孙洲宇\opencvmfc\opencvmfc\opencvmfcdlg.cpp(487): warning C4996: 'strcat': This function or variable may be unsafe. Consider using strcat_s instead. To disable deprecation, use _CRT_SECURE_NO_WARNINGS. See online help for details.
                 d:\vs2010\vc\include\string.h(110) : 参见“strcat”的声明
     1>e:\孙洲宇\opencvmfc\opencvmfc\opencvmfcdlg.cpp(517): warning C4996: 'localtime': This function or variable may be unsafe. Consider using localtime_s instead. To disable deprecation, use _CRT_SECURE_NO_WARNINGS. See online help for details.
                 d:\vs2010\vc\include\time.inl(112) : 参见“localtime”的声明
     1>e:\孙洲宇\opencvmfc\opencvmfc\opencvmfcdlg.cpp(518): warning C4996: 'strcat': This function or variable may be unsafe. Consider using strcat_s instead. To disable deprecation, use _CRT_SECURE_NO_WARNINGS. See online help for details.
                 d:\vs2010\vc\include\string.h(110) : 参见“strcat”的声明
     1>e:\孙洲宇\opencvmfc\opencvmfc\opencvmfcdlg.cpp(550): warning C4996: 'localtime': This function or variable may be unsafe. Consider using localtime_s instead. To disable deprecation, use _CRT_SECURE_NO_WARNINGS. See online help for details.
                 d:\vs2010\vc\include\time.inl(112) : 参见“localtime”的声明
     1>e:\孙洲宇\opencvmfc\opencvmfc\opencvmfcdlg.cpp(551): warning C4996: 'strcat': This function or variable may be unsafe. Consider using strcat_s instead. To disable deprecation, use _CRT_SECURE_NO_WARNINGS. See online help for details.
                 d:\vs2010\vc\include\string.h(110) : 参见“strcat”的声明
     1>e:\孙洲宇\opencvmfc\opencvmfc\opencvmfcdlg.cpp(584): warning C4996: 'localtime': This function or variable may be unsafe. Consider using localtime_s instead. To disable deprecation, use _CRT_SECURE_NO_WARNINGS. See online help for details.
                 d:\vs2010\vc\include\time.inl(112) : 参见“localtime”的声明
     1>e:\孙洲宇\opencvmfc\opencvmfc\opencvmfcdlg.cpp(585): warning C4996: 'strcat': This function or variable may be unsafe. Consider using strcat_s instead. To disable deprecation, use _CRT_SECURE_NO_WARNINGS. See online help for details.
                 d:\vs2010\vc\include\string.h(110) : 参见“strcat”的声明
     1>e:\孙洲宇\opencvmfc\opencvmfc\opencvmfcdlg.cpp(618): warning C4996: 'localtime': This function or variable may be unsafe. Consider using localtime_s instead. To disable deprecation, use _CRT_SECURE_NO_WARNINGS. See online help for details.
                 d:\vs2010\vc\include\time.inl(112) : 参见“localtime”的声明
     1>e:\孙洲宇\opencvmfc\opencvmfc\opencvmfcdlg.cpp(619): warning C4996: 'strcat': This function or variable may be unsafe. Consider using strcat_s instead. To disable deprecation, use _CRT_SECURE_NO_WARNINGS. See online help for details.
                 d:\vs2010\vc\include\string.h(110) : 参见“strcat”的声明
     1>e:\孙洲宇\opencvmfc\opencvmfc\opencvmfcdlg.cpp(652): warning C4996: 'localtime': This function or variable may be unsafe. Consider using localtime_s instead. To disable deprecation, use _CRT_SECURE_NO_WARNINGS. See online help for details.
                 d:\vs2010\vc\include\time.inl(112) : 参见“localtime”的声明
     1>e:\孙洲宇\opencvmfc\opencvmfc\opencvmfcdlg.cpp(653): warning C4996: 'strcat': This function or variable may be unsafe. Consider using strcat_s instead. To disable deprecation, use _CRT_SECURE_NO_WARNINGS. See online help for details.
                 d:\vs2010\vc\include\string.h(110) : 参见“strcat”的声明
     1>e:\孙洲宇\opencvmfc\opencvmfc\opencvmfcdlg.cpp(701): warning C4996: 'localtime': This function or variable may be unsafe. Consider using localtime_s instead. To disable deprecation, use _CRT_SECURE_NO_WARNINGS. See online help for details.
                 d:\vs2010\vc\include\time.inl(112) : 参见“localtime”的声明
     1>e:\孙洲宇\opencvmfc\opencvmfc\opencvmfcdlg.cpp(702): warning C4996: 'strcat': This function or variable may be unsafe. Consider using strcat_s instead. To disable deprecation, use _CRT_SECURE_NO_WARNINGS. See online help for details.
                 d:\vs2010\vc\include\string.h(110) : 参见“strcat”的声明
     1>e:\孙洲宇\opencvmfc\opencvmfc\opencvmfcdlg.cpp(834): warning C4996: 'localtime': This function or variable may be unsafe. Consider using localtime_s instead. To disable deprecation, use _CRT_SECURE_NO_WARNINGS. See online help for details.
                 d:\vs2010\vc\include\time.inl(112) : 参见“localtime”的声明
     1>e:\孙洲宇\opencvmfc\opencvmfc\opencvmfcdlg.cpp(835): warning C4996: 'strcat': This function or variable may be unsafe. Consider using strcat_s instead. To disable deprecation, use _CRT_SECURE_NO_WARNINGS. See online help for details.
                 d:\vs2010\vc\include\string.h(110) : 参见“strcat”的声明
     1>e:\孙洲宇\opencvmfc\opencvmfc\opencvmfcdlg.cpp(881): warning C4996: 'localtime': This function or variable may be unsafe. Consider using localtime_s instead. To disable deprecation, use _CRT_SECURE_NO_WARNINGS. See online help for details.
                 d:\vs2010\vc\include\time.inl(112) : 参见“localtime”的声明
     1>e:\孙洲宇\opencvmfc\opencvmfc\opencvmfcdlg.cpp(882): warning C4996: 'strcat': This function or variable may be unsafe. Consider using strcat_s instead. To disable deprecation, use _CRT_SECURE_NO_WARNINGS. See online help for details.
                 d:\vs2010\vc\include\string.h(110) : 参见“strcat”的声明
     1>e:\孙洲宇\opencvmfc\opencvmfc\opencvmfcdlg.cpp(938): warning C4996: 'localtime': This function or variable may be unsafe. Consider using localtime_s instead. To disable deprecation, use _CRT_SECURE_NO_WARNINGS. See online help for details.
                 d:\vs2010\vc\include\time.inl(112) : 参见“localtime”的声明
     1>e:\孙洲宇\opencvmfc\opencvmfc\opencvmfcdlg.cpp(939): warning C4996: 'strcat': This function or variable may be unsafe. Consider using strcat_s instead. To disable deprecation, use _CRT_SECURE_NO_WARNINGS. See online help for details.
                 d:\vs2010\vc\include\string.h(110) : 参见“strcat”的声明
     1>e:\孙洲宇\opencvmfc\opencvmfc\opencvmfcdlg.cpp(973): warning C4996: 'localtime': This function or variable may be unsafe. Consider using localtime_s instead. To disable deprecation, use _CRT_SECURE_NO_WARNINGS. See online help for details.
                 d:\vs2010\vc\include\time.inl(112) : 参见“localtime”的声明
     1>e:\孙洲宇\opencvmfc\opencvmfc\opencvmfcdlg.cpp(974): warning C4996: 'strcat': This function or variable may be unsafe. Consider using strcat_s instead. To disable deprecation, use _CRT_SECURE_NO_WARNINGS. See online help for details.
                 d:\vs2010\vc\include\string.h(110) : 参见“strcat”的声明
     1>e:\孙洲宇\opencvmfc\opencvmfc\opencvmfcdlg.cpp(1044): warning C4996: 'localtime': This function or variable may be unsafe. Consider using localtime_s instead. To disable deprecation, use _CRT_SECURE_NO_WARNINGS. See online help for details.
                 d:\vs2010\vc\include\time.inl(112) : 参见“localtime”的声明
     1>e:\孙洲宇\opencvmfc\opencvmfc\opencvmfcdlg.cpp(1045): warning C4996: 'strcat': This function or variable may be unsafe. Consider using strcat_s instead. To disable deprecation, use _CRT_SECURE_NO_WARNINGS. See online help for details.
                 d:\vs2010\vc\include\string.h(110) : 参见“strcat”的声明
         正在生成代码...
         正在编译...
         OpenCVmfc.cpp
     1>d:\opencv\opencv\build\include\opencv2\flann\logger.h(66): warning C4996: 'fopen': This function or variable may be unsafe. Consider using fopen_s instead. To disable deprecation, use _CRT_SECURE_NO_WARNINGS. See online help for details.
                 d:\vs2010\vc\include\stdio.h(234) : 参见“fopen”的声明
         正在生成代码...
       ResourceCompile:
         C:\Program Files (x86)\Microsoft SDKs\Windows\v7.0A\bin\rc.exe /D _DEBUG /D _UNICODE /D UNICODE /D _AFXDLL /l"0x0804" /IDebug\ /nologo /fo"Debug\OpenCVmfc.res" OpenCVmfc.rc 
       ManifestResourceCompile:
         所有输出均为最新。
       Link:
         D:\vs2010\VC\bin\link.exe /ERRORREPORT:PROMPT /OUT:"E:\孙洲宇\OpenCVmfc\Debug\OpenCVmfc.exe" /INCREMENTAL /NOLOGO opencv_ml2410d.lib opencv_calib3d2410d.lib opencv_contrib2410d.lib opencv_core2410d.lib opencv_features2d2410d.lib opencv_flann2410d.lib opencv_gpu2410d.lib opencv_highgui2410d.lib opencv_imgproc2410d.lib opencv_legacy2410d.lib opencv_objdetect2410d.lib opencv_ts2410d.lib opencv_video2410d.lib opencv_nonfree2410d.lib opencv_ocl2410d.lib opencv_photo2410d.lib opencv_stitching2410d.lib opencv_superres2410d.lib opencv_videostab2410d.lib vfw32.lib comctl32.lib zlib.lib libjasper.lib libjpeg.lib libpng.lib libtiff.lib IlmImf.lib opencv_calib3d2410.lib opencv_contrib2410.lib opencv_features2d2410.lib opencv_core2410.lib opencv_flann2410.lib opencv_gpu2410.lib opencv_highgui2410.lib opencv_imgproc2410.lib opencv_legacy2410.lib opencv_ml2410.lib opencv_nonfree2410.lib opencv_objdetect2410.lib opencv_ocl2410.lib opencv_photo2410.lib opencv_stitching2410.lib opencv_superres2410.lib opencv_ts2410.lib opencv_video2410.lib opencv_videostab2410.lib /MANIFEST /ManifestFile:"Debug\OpenCVmfc.exe.intermediate.manifest" /MANIFESTUAC:"level='asInvoker' uiAccess='false'" /DEBUG /PDB:"E:\孙洲宇\OpenCVmfc\Debug\OpenCVmfc.pdb" /SUBSYSTEM:WINDOWS /TLBID:1 /ENTRY:"wWinMainCRTStartup" /DYNAMICBASE /NXCOMPAT /IMPLIB:"E:\孙洲宇\OpenCVmfc\Debug\OpenCVmfc.lib" /MACHINE:X86 Debug\OpenCVmfc.res
         Debug\OpenCVmfc.exe.embed.manifest.res
         Debug\CvvImage.obj
         Debug\OpenCVmfc.obj
         Debug\OpenCVmfcDlg.obj
         Debug\stdafx.obj
       Manifest:
         C:\Program Files (x86)\Microsoft SDKs\Windows\v7.0A\bin\mt.exe /nologo /verbose /out:"Debug\OpenCVmfc.exe.embed.manifest" /manifest Debug\OpenCVmfc.exe.intermediate.manifest D:\vs2010\VC\Include\Manifest\dpiaware.manifest
         所有输出均为最新。
       LinkEmbedManifest:
         所有输出均为最新。
         OpenCVmfc.vcxproj -> E:\孙洲宇\OpenCVmfc\Debug\OpenCVmfc.exe
       FinalizeBuildStatus:
         正在删除文件“Debug\OpenCVmfc.unsuccessfulbuild”。
         正在对“Debug\OpenCVmfc.lastbuildstate”执行 Touch 任务。
     1>已完成生成项目“E:\孙洲宇\OpenCVmfc\OpenCVmfc\OpenCVmfc.vcxproj”(build 个目标)的操作。

生成成功。

已用时间 00:00:12.00
