E:\孙洲宇\OpenCVmfc\Debug\OpenCVmfc.pdb
E:\孙洲宇\OpenCVmfc\OpenCVmfc\Debug\cl.command.1.tlog
E:\孙洲宇\OpenCVmfc\OpenCVmfc\Debug\CL.read.1.tlog
E:\孙洲宇\OpenCVmfc\OpenCVmfc\Debug\CL.write.1.tlog
E:\孙洲宇\OPENCVMFC\OPENCVMFC\DEBUG\CVVIMAGE.OBJ
E:\孙洲宇\OpenCVmfc\OpenCVmfc\Debug\link.6304.read.1.tlog
E:\孙洲宇\OpenCVmfc\OpenCVmfc\Debug\link.6304.write.1.tlog
E:\孙洲宇\OpenCVmfc\OpenCVmfc\Debug\link.6304-cvtres.read.1.tlog
E:\孙洲宇\OpenCVmfc\OpenCVmfc\Debug\link.6304-cvtres.write.1.tlog
E:\孙洲宇\OpenCVmfc\OpenCVmfc\Debug\link.command.1.tlog
E:\孙洲宇\OpenCVmfc\OpenCVmfc\Debug\link.read.1.tlog
E:\孙洲宇\OpenCVmfc\OpenCVmfc\Debug\link.write.1.tlog
E:\孙洲宇\OpenCVmfc\OpenCVmfc\Debug\link-cvtres.read.1.tlog
E:\孙洲宇\OpenCVmfc\OpenCVmfc\Debug\link-cvtres.write.1.tlog
E:\孙洲宇\OpenCVmfc\OpenCVmfc\Debug\mt.command.1.tlog
E:\孙洲宇\OpenCVmfc\OpenCVmfc\Debug\mt.read.1.tlog
E:\孙洲宇\OpenCVmfc\OpenCVmfc\Debug\mt.write.1.tlog
E:\孙洲宇\OPENCVMFC\OPENCVMFC\DEBUG\OPENCVMFC.EXE.EMBED.MANIFEST
E:\孙洲宇\OPENCVMFC\OPENCVMFC\DEBUG\OPENCVMFC.EXE.EMBED.MANIFEST.RES
E:\孙洲宇\OpenCVmfc\OpenCVmfc\Debug\OpenCVmfc.exe.intermediate.manifest
E:\孙洲宇\OPENCVMFC\OPENCVMFC\DEBUG\OPENCVMFC.OBJ
E:\孙洲宇\OPENCVMFC\OPENCVMFC\DEBUG\OPENCVMFC.PCH
E:\孙洲宇\OPENCVMFC\OPENCVMFC\DEBUG\OPENCVMFC.RES
E:\孙洲宇\OpenCVmfc\OpenCVmfc\Debug\OpenCVmfc.write.1.tlog
E:\孙洲宇\OpenCVmfc\OpenCVmfc\Debug\OpenCVmfc_manifest.rc
E:\孙洲宇\OPENCVMFC\OPENCVMFC\DEBUG\OPENCVMFCDLG.OBJ
E:\孙洲宇\OpenCVmfc\OpenCVmfc\Debug\rc.command.1.tlog
E:\孙洲宇\OpenCVmfc\OpenCVmfc\Debug\rc.read.1.tlog
E:\孙洲宇\OpenCVmfc\OpenCVmfc\Debug\rc.write.1.tlog
E:\孙洲宇\OPENCVMFC\OPENCVMFC\DEBUG\STDAFX.OBJ
E:\孙洲宇\OpenCVmfc\OpenCVmfc\Debug\vc100.idb
E:\孙洲宇\OPENCVMFC\OPENCVMFC\DEBUG\VC100.PDB
