E:\孙洲宇\OpenCVmfc\OpenCVmfc\Release\cl.command.1.tlog
E:\孙洲宇\OpenCVmfc\OpenCVmfc\Release\CL.read.1.tlog
E:\孙洲宇\OpenCVmfc\OpenCVmfc\Release\CL.write.1.tlog
E:\孙洲宇\OPENCVMFC\OPENCVMFC\RELEASE\CVVIMAGE.OBJ
E:\孙洲宇\OpenCVmfc\OpenCVmfc\Release\link.command.1.tlog
E:\孙洲宇\OpenCVmfc\OpenCVmfc\Release\link.read.1.tlog
E:\孙洲宇\OpenCVmfc\OpenCVmfc\Release\link.write.1.tlog
E:\孙洲宇\OpenCVmfc\OpenCVmfc\Release\link-cvtres.read.1.tlog
E:\孙洲宇\OpenCVmfc\OpenCVmfc\Release\link-cvtres.write.1.tlog
E:\孙洲宇\OpenCVmfc\OpenCVmfc\Release\mt.command.1.tlog
E:\孙洲宇\OpenCVmfc\OpenCVmfc\Release\mt.read.1.tlog
E:\孙洲宇\OpenCVmfc\OpenCVmfc\Release\mt.write.1.tlog
E:\孙洲宇\OpenCVmfc\OpenCVmfc\Release\OpenCVmfc.exe.intermediate.manifest
E:\孙洲宇\OPENCVMFC\OPENCVMFC\RELEASE\OPENCVMFC.OBJ
E:\孙洲宇\OPENCVMFC\OPENCVMFC\RELEASE\OPENCVMFC.PCH
E:\孙洲宇\OPENCVMFC\OPENCVMFC\RELEASE\OPENCVMFC.RES
E:\孙洲宇\OpenCVmfc\OpenCVmfc\Release\OpenCVmfc.vcxprojResolveAssemblyReference.cache
E:\孙洲宇\OpenCVmfc\OpenCVmfc\Release\OpenCVmfc.write.1.tlog
E:\孙洲宇\OPENCVMFC\OPENCVMFC\RELEASE\OPENCVMFCDLG.OBJ
E:\孙洲宇\OpenCVmfc\OpenCVmfc\Release\rc.command.1.tlog
E:\孙洲宇\OpenCVmfc\OpenCVmfc\Release\rc.read.1.tlog
E:\孙洲宇\OpenCVmfc\OpenCVmfc\Release\rc.write.1.tlog
E:\孙洲宇\OPENCVMFC\OPENCVMFC\RELEASE\STDAFX.OBJ
E:\孙洲宇\OPENCVMFC\OPENCVMFC\RELEASE\VC100.PDB
E:\孙洲宇\OPENCVMFC\RELEASE\OPENCVMFC.EXE
E:\孙洲宇\OpenCVmfc\Release\OpenCVmfc.pdb
